[debug] [2025-02-26T07:33:57.286Z] ----------------------------------------------------------------------
[debug] [2025-02-26T07:33:57.291Z] Command:       C:\Program Files\nodejs\node.exe C:\Users\pc\AppData\Roaming\npm\node_modules\firebase-tools\lib\bin\firebase.js init
[debug] [2025-02-26T07:33:57.292Z] CLI Version:   13.31.2
[debug] [2025-02-26T07:33:57.292Z] Platform:      win32
[debug] [2025-02-26T07:33:57.292Z] Node Version:  v22.11.0
[debug] [2025-02-26T07:33:57.293Z] Time:          Wed Feb 26 2025 08:33:57 GMT+0100 (West Africa Standard Time)
[debug] [2025-02-26T07:33:57.293Z] ----------------------------------------------------------------------
[debug] 
[debug] [2025-02-26T07:33:57.681Z] > command requires scopes: ["email","openid","https://www.googleapis.com/auth/cloudplatformprojects.readonly","https://www.googleapis.com/auth/firebase","https://www.googleapis.com/auth/cloud-platform"]
[debug] [2025-02-26T07:33:57.681Z] > authorizing via signed-in user (adesanyafisayo112@gmail.com)
[info] 
     ######## #### ########  ######## ########     ###     ######  ########
     ##        ##  ##     ## ##       ##     ##  ##   ##  ##       ##
     ######    ##  ########  ######   ########  #########  ######  ######
     ##        ##  ##    ##  ##       ##     ## ##     ##       ## ##
     ##       #### ##     ## ######## ########  ##     ##  ######  ########

You're about to initialize a Firebase project in this directory:

  C:\Users\pc\OneDrive\Desktop\CitizenApp

Before we get started, keep in mind:

  * You are initializing within an existing Firebase project directory

[info] 
=== Project Setup
[info] 
[info] First, let's associate this project directory with a Firebase project.
[info] You can create multiple project aliases by running firebase use --add, 
[info] but for now we'll just set up a default project.
[info] 
[debug] [2025-02-26T07:34:21.346Z] Checked if tokens are valid: true, expires at: 1740558823494
[debug] [2025-02-26T07:34:21.346Z] Checked if tokens are valid: true, expires at: 1740558823494
[debug] [2025-02-26T07:34:21.349Z] >>> [apiv2][query] GET https://firebase.googleapis.com/v1beta1/availableProjects pageSize=100
[debug] [2025-02-26T07:34:22.227Z] <<< [apiv2][status] GET https://firebase.googleapis.com/v1beta1/availableProjects 200
[debug] [2025-02-26T07:34:22.227Z] <<< [apiv2][body] GET https://firebase.googleapis.com/v1beta1/availableProjects [omitted]
[debug] [2025-02-26T07:35:16.466Z] Checked if tokens are valid: true, expires at: 1740558823494
[debug] [2025-02-26T07:35:16.467Z] Checked if tokens are valid: true, expires at: 1740558823494
[debug] [2025-02-26T07:35:16.467Z] >>> [apiv2][query] POST https://firebase.googleapis.com/v1beta1/projects/sturdy-web-452015-u9:addFirebase [none]
[debug] [2025-02-26T07:35:17.229Z] <<< [apiv2][status] POST https://firebase.googleapis.com/v1beta1/projects/sturdy-web-452015-u9:addFirebase 403
[debug] [2025-02-26T07:35:17.229Z] <<< [apiv2][body] POST https://firebase.googleapis.com/v1beta1/projects/sturdy-web-452015-u9:addFirebase {"error":{"code":403,"message":"The caller does not have permission","status":"PERMISSION_DENIED"}}
[debug] [2025-02-26T07:35:17.231Z] Request to https://firebase.googleapis.com/v1beta1/projects/sturdy-web-452015-u9:addFirebase had HTTP Error: 403, The caller does not have permission
[debug] [2025-02-26T07:35:17.733Z] FirebaseError: Request to https://firebase.googleapis.com/v1beta1/projects/sturdy-web-452015-u9:addFirebase had HTTP Error: 403, The caller does not have permission
    at responseToError (C:\Users\pc\AppData\Roaming\npm\node_modules\firebase-tools\lib\responseToError.js:52:12)
    at RetryOperation._fn (C:\Users\pc\AppData\Roaming\npm\node_modules\firebase-tools\lib\apiv2.js:312:77)
    at process.processTicksAndRejections (node:internal/process/task_queues:105:5)
[error] 
[error] Error: Failed to add Firebase to Google Cloud Platform project. See firebase-debug.log for more info.
